app/build/intermediates/manifest_merge_blame_file/debug/manifest-merger-blame-debug-report.txt
1<?xml version="1.0" encoding="utf-8"?>
2<manifest xmlns:android="http://schemas.android.com/apk/res/android"
3    package="com.example.followupv3"
4    android:versionCode="1"
5    android:versionName="1.0" >
6
7    <uses-sdk
8        android:minSdkVersion="16"
8-->src/main/AndroidManifest.xml
9        android:targetSdkVersion="29" />
9-->src/main/AndroidManifest.xml
10
11    <uses-permission android:name="android.permission.INTERNET" />
11-->src/main/AndroidManifest.xml:27:5-66
11-->src/main/AndroidManifest.xml:27:22-64
12    <uses-permission android:name="android.permission.ACCESS_NETWORK_STATE" />
12-->src/main/AndroidManifest.xml:28:5-78
12-->src/main/AndroidManifest.xml:28:22-76
13
14    <application
14-->src/main/AndroidManifest.xml:5:5-25:19
15        android:allowBackup="true"
15-->src/main/AndroidManifest.xml:6:9-35
16        android:appComponentFactory="androidx.core.app.CoreComponentFactory"
16-->[androidx.core:core:1.1.0] AndroidManifest.xml:24:18-86
17        android:debuggable="true"
18        android:icon="@mipmap/ic_launcher"
18-->src/main/AndroidManifest.xml:7:9-43
19        android:label="@string/app_name"
19-->src/main/AndroidManifest.xml:8:9-41
20        android:roundIcon="@mipmap/ic_launcher_round"
20-->src/main/AndroidManifest.xml:9:9-54
21        android:supportsRtl="true"
21-->src/main/AndroidManifest.xml:10:9-35
22        android:testOnly="true"
23        android:theme="@style/AppTheme" >
23-->src/main/AndroidManifest.xml:11:9-40
24        <activity
24-->src/main/AndroidManifest.xml:12:9-20:20
25            android:name="com.example.followupv3.SplashActivity"
25-->src/main/AndroidManifest.xml:12:19-49
26            android:noHistory="true"
26-->src/main/AndroidManifest.xml:14:13-37
27            android:theme="@style/SplashTheme" >
27-->src/main/AndroidManifest.xml:13:13-47
28            <intent-filter>
28-->src/main/AndroidManifest.xml:15:13-19:29
29                <action android:name="android.intent.action.MAIN" />
29-->src/main/AndroidManifest.xml:16:17-69
29-->src/main/AndroidManifest.xml:16:25-66
30
31                <category android:name="android.intent.category.LAUNCHER" />
31-->src/main/AndroidManifest.xml:18:17-77
31-->src/main/AndroidManifest.xml:18:27-74
32            </intent-filter>
33        </activity>
34        <activity android:name="com.example.followupv3.MainActivity" >
34-->src/main/AndroidManifest.xml:21:9-22:20
34-->src/main/AndroidManifest.xml:21:19-47
35        </activity>
36        <activity android:name="com.example.followupv3.FragmentActivity" >
36-->src/main/AndroidManifest.xml:23:9-24:20
36-->src/main/AndroidManifest.xml:23:19-51
37        </activity>
38    </application>
39
40</manifest>